e:\播放器\plum\controls\x64\debug\controls.pch
e:\播放器\plum\controls\x64\debug\vc140.pdb
e:\播放器\plum\controls\x64\debug\vc140.idb
e:\播放器\plum\controls\x64\debug\stdafx.obj
e:\播放器\plum\controls\x64\debug\controls.obj
e:\播放器\plum\controls\x64\debug\logindlg.obj
e:\播放器\plum\controls\x64\debug\loginview.obj
e:\播放器\plum\bin\controls.lib
e:\播放器\plum\bin\controls.exp
e:\播放器\plum\bin\controls.ilk
e:\播放器\plum\bin\controls.dll
e:\播放器\plum\bin\pdb\controls.pdb
e:\播放器\plum\controls\x64\debug\controls.res
e:\播放器\plum\controls\x64\debug\controls.tlog\cl.command.1.tlog
e:\播放器\plum\controls\x64\debug\controls.tlog\cl.read.1.tlog
e:\播放器\plum\controls\x64\debug\controls.tlog\cl.write.1.tlog
e:\播放器\plum\controls\x64\debug\controls.tlog\controls.write.1u.tlog
e:\播放器\plum\controls\x64\debug\controls.tlog\link.command.1.tlog
e:\播放器\plum\controls\x64\debug\controls.tlog\link.read.1.tlog
e:\播放器\plum\controls\x64\debug\controls.tlog\link.write.1.tlog
e:\播放器\plum\controls\x64\debug\controls.tlog\rc.command.1.tlog
e:\播放器\plum\controls\x64\debug\controls.tlog\rc.read.1.tlog
e:\播放器\plum\controls\x64\debug\controls.tlog\rc.write.1.tlog
