e:\播放器\plum\plum\x64\debug\plum.pch
e:\播放器\plum\plum\x64\debug\vc140.pdb
e:\播放器\plum\plum\x64\debug\vc140.idb
e:\播放器\plum\plum\x64\debug\stdafx.obj
e:\播放器\plum\plum\x64\debug\classview.obj
e:\播放器\plum\plum\x64\debug\fileview.obj
e:\播放器\plum\plum\x64\debug\mainfrm.obj
e:\播放器\plum\plum\x64\debug\outputwnd.obj
e:\播放器\plum\plum\x64\debug\plum.obj
e:\播放器\plum\plum\x64\debug\plumdoc.obj
e:\播放器\plum\plum\x64\debug\plumview.obj
e:\播放器\plum\plum\x64\debug\propertieswnd.obj
e:\播放器\plum\plum\x64\debug\viewtree.obj
e:\播放器\plum\bin\plum.ilk
e:\播放器\plum\bin\plum.exe
e:\播放器\plum\bin\pdb\plum.pdb
e:\播放器\plum\plum\x64\debug\plum.res
e:\播放器\plum\plum\x64\debug\mainfrm.obj.enc
e:\播放器\plum\plum\x64\debug\plum.tlog\cl.command.1.tlog
e:\播放器\plum\plum\x64\debug\plum.tlog\cl.read.1.tlog
e:\播放器\plum\plum\x64\debug\plum.tlog\cl.write.1.tlog
e:\播放器\plum\plum\x64\debug\plum.tlog\link.command.1.tlog
e:\播放器\plum\plum\x64\debug\plum.tlog\link.read.1.tlog
e:\播放器\plum\plum\x64\debug\plum.tlog\link.write.1.tlog
e:\播放器\plum\plum\x64\debug\plum.tlog\rc.command.1.tlog
e:\播放器\plum\plum\x64\debug\plum.tlog\rc.read.1.tlog
e:\播放器\plum\plum\x64\debug\plum.tlog\rc.write.1.tlog
